Example app listening on port 18082
events.js:377
      throw er; // Unhandled 'error' event
      ^

Error: listen EADDRINUSE: address already in use :::18082
    at Server.setupListenHandle [as _listen2] (net.js:1331:16)
    at listenInCluster (net.js:1379:12)
    at Server.listen (net.js:1465:7)
    at Function.listen (/home/stud2020/0haidukevich/public_html/dbprojekt/node_modules/express/lib/application.js:635:24)
    at Object.<anonymous> (/home/stud2020/0haidukevich/public_html/dbprojekt/app.js:211:5)
    at Module._compile (internal/modules/cjs/loader.js:1085:14)
    at Object.Module._extensions..js (internal/modules/cjs/loader.js:1114:10)
    at Module.load (internal/modules/cjs/loader.js:950:32)
    at Function.Module._load (internal/modules/cjs/loader.js:790:12)
    at Function.executeUserEntryPoint [as runMain] (internal/modules/run_main.js:76:12)
Emitted 'error' event on Server instance at:
    at emitErrorNT (net.js:1358:8)
    at processTicksAndRejections (internal/process/task_queues.js:82:21) {
  code: 'EADDRINUSE',
  errno: -98,
  syscall: 'listen',
  address: '::',
  port: 18082
}
2
2
Piesn jest dodana do playlisty
Subscriber jest dodany
